This file contains any messages produced by compilers while
running configure, to aid debugging if configure makes a mistake.

It was created by Google C++ Mocking Framework configure 1.8.0, which was
generated by GNU Autoconf 2.71.  Invocation command line was

  $ /home/codespace/.cargo/registry/src/index.crates.io-6f17d22bba15001f/protobuf-src-1.1.0+21.5/protobuf/third_party/googletest/googlemock/configure --disable-option-checking --prefix=/workspaces/ServerStatus/target/release/build/protobuf-src-2e253de85119351c/out/install --disable-shared --enable-static --disable-maintainer-mode CC=cc 'CFLAGS=-O0 -ffunction-sections -fdata-sections -fPIC -m64' CXX=c++ 'CXXFLAGS=-O0 -ffunction-sections -fdata-sections -fPIC -m64' --cache-file=/dev/null --srcdir=/home/codespace/.cargo/registry/src/index.crates.io-6f17d22bba15001f/protobuf-src-1.1.0+21.5/protobuf/third_party/googletest/googlemock

## --------- ##
## Platform. ##
## --------- ##

hostname = codespaces-838391
uname -m = x86_64
uname -r = 5.15.0-1041-azure
uname -s = Linux
uname -v = #48-Ubuntu SMP Tue Jun 20 20:34:08 UTC 2023

/usr/bin/uname -p = x86_64
/bin/uname -X     = unknown

/bin/arch              = x86_64
/usr/bin/arch -k       = unknown
/usr/convex/getsysinfo = unknown
/usr/bin/hostinfo      = unknown
/bin/machine           = unknown
/usr/bin/oslevel       = unknown
/bin/universe          = unknown

PATH: /home/codespace/.cargo/bin/
PATH: /usr/local/rvm/gems/ruby-3.2.2/bin/
PATH: /usr/local/rvm/gems/ruby-3.2.2@global/bin/
PATH: /usr/local/rvm/rubies/ruby-3.2.2/bin/
PATH: /vscode/bin/linux-x64/74f6148eb9ea00507ec113ec51c489d6ffb4b771/bin/remote-cli/
PATH: /home/codespace/.local/bin/
PATH: /home/codespace/.dotnet/
PATH: /home/codespace/nvm/current/bin/
PATH: /home/codespace/.php/current/bin/
PATH: /home/codespace/.python/current/bin/
PATH: /home/codespace/java/current/bin/
PATH: /home/codespace/.ruby/current/bin/
PATH: /home/codespace/.local/bin/
PATH: /usr/local/oryx/
PATH: /usr/local/go/bin/
PATH: /go/bin/
PATH: /usr/local/sdkman/bin/
PATH: /usr/local/sdkman/candidates/java/current/bin/
PATH: /usr/local/sdkman/candidates/gradle/current/bin/
PATH: /usr/local/sdkman/candidates/maven/current/bin/
PATH: /usr/local/sdkman/candidates/ant/current/bin/
PATH: /usr/local/rvm/gems/default/bin/
PATH: /usr/local/rvm/gems/default@global/bin/
PATH: /usr/local/rvm/rubies/default/bin/
PATH: /usr/local/share/rbenv/bin/
PATH: /opt/conda/bin/
PATH: /usr/local/php/current/bin/
PATH: /usr/local/python/current/bin/
PATH: /usr/local/py-utils/bin/
PATH: /usr/local/nvs/
PATH: /usr/local/share/nvm/versions/node/v20.3.0/bin/
PATH: /usr/local/hugo/bin/
PATH: /usr/local/dotnet/current/
PATH: /usr/local/sbin/
PATH: /usr/local/bin/
PATH: /usr/sbin/
PATH: /usr/bin/
PATH: /sbin/
PATH: /bin/
PATH: /usr/local/rvm/bin/


## ----------- ##
## Core tests. ##
## ----------- ##

configure:2752: looking for aux files: config.guess config.sub ltmain.sh compile missing install-sh
configure:2765:  trying /home/codespace/.cargo/registry/src/index.crates.io-6f17d22bba15001f/protobuf-src-1.1.0+21.5/protobuf/third_party/googletest/googlemock/build-aux/
configure:2794:   /home/codespace/.cargo/registry/src/index.crates.io-6f17d22bba15001f/protobuf-src-1.1.0+21.5/protobuf/third_party/googletest/googlemock/build-aux/config.guess found
configure:2794:   /home/codespace/.cargo/registry/src/index.crates.io-6f17d22bba15001f/protobuf-src-1.1.0+21.5/protobuf/third_party/googletest/googlemock/build-aux/config.sub found
configure:2794:   /home/codespace/.cargo/registry/src/index.crates.io-6f17d22bba15001f/protobuf-src-1.1.0+21.5/protobuf/third_party/googletest/googlemock/build-aux/ltmain.sh found
configure:2794:   /home/codespace/.cargo/registry/src/index.crates.io-6f17d22bba15001f/protobuf-src-1.1.0+21.5/protobuf/third_party/googletest/googlemock/build-aux/compile found
configure:2794:   /home/codespace/.cargo/registry/src/index.crates.io-6f17d22bba15001f/protobuf-src-1.1.0+21.5/protobuf/third_party/googletest/googlemock/build-aux/missing found
configure:2776:   /home/codespace/.cargo/registry/src/index.crates.io-6f17d22bba15001f/protobuf-src-1.1.0+21.5/protobuf/third_party/googletest/googlemock/build-aux/install-sh found
configure:2938: checking for a BSD-compatible install
configure:3011: result: /usr/bin/install -c
configure:3022: checking whether build environment is sane
configure:3077: result: yes
configure:3234: checking for a race-free mkdir -p
configure:3278: result: /usr/bin/mkdir -p
configure:3285: checking for gawk
configure:3306: found /usr/bin/gawk
configure:3317: result: gawk
configure:3328: checking whether make sets $(MAKE)
configure:3351: result: yes
configure:3381: checking whether make supports nested variables
configure:3399: result: yes
configure:3599: checking for gcc
configure:3631: result: cc
configure:3984: checking for C compiler version
configure:3993: cc --version >&5
cc (Ubuntu 9.4.0-1ubuntu1~20.04.1) 9.4.0
Copyright (C) 2019 Free Software Foundation, Inc.
This is free software; see the source for copying conditions.  There is NO
warranty; not even for MERCHANTABILITY or FITNESS FOR A PARTICULAR PURPOSE.

configure:4004: $? = 0
configure:3993: cc -v >&5
Using built-in specs.
COLLECT_GCC=cc
COLLECT_LTO_WRAPPER=/usr/lib/gcc/x86_64-linux-gnu/9/lto-wrapper
OFFLOAD_TARGET_NAMES=nvptx-none:hsa
OFFLOAD_TARGET_DEFAULT=1
Target: x86_64-linux-gnu
Configured with: ../src/configure -v --with-pkgversion='Ubuntu 9.4.0-1ubuntu1~20.04.1' --with-bugurl=file:///usr/share/doc/gcc-9/README.Bugs --enable-languages=c,ada,c++,go,brig,d,fortran,objc,obj-c++,gm2 --prefix=/usr --with-gcc-major-version-only --program-suffix=-9 --program-prefix=x86_64-linux-gnu- --enable-shared --enable-linker-build-id --libexecdir=/usr/lib --without-included-gettext --enable-threads=posix --libdir=/usr/lib --enable-nls --enable-clocale=gnu --enable-libstdcxx-debug --enable-libstdcxx-time=yes --with-default-libstdcxx-abi=new --enable-gnu-unique-object --disable-vtable-verify --enable-plugin --enable-default-pie --with-system-zlib --with-target-system-zlib=auto --enable-objc-gc=auto --enable-multiarch --disable-werror --with-arch-32=i686 --with-abi=m64 --with-multilib-list=m32,m64,mx32 --enable-multilib --with-tune=generic --enable-offload-targets=nvptx-none=/build/gcc-9-Av3uEd/gcc-9-9.4.0/debian/tmp-nvptx/usr,hsa --without-cuda-driver --enable-checking=release --build=x86_64-linux-gnu --host=x86_64-linux-gnu --target=x86_64-linux-gnu
Thread model: posix
gcc version 9.4.0 (Ubuntu 9.4.0-1ubuntu1~20.04.1) 
configure:4004: $? = 0
configure:3993: cc -V >&5
cc: error: unrecognized command line option '-V'
cc: fatal error: no input files
compilation terminated.
configure:4004: $? = 1
configure:3993: cc -qversion >&5
cc: error: unrecognized command line option '-qversion'; did you mean '--version'?
cc: fatal error: no input files
compilation terminated.
configure:4004: $? = 1
configure:3993: cc -version >&5
cc: error: unrecognized command line option '-version'
cc: fatal error: no input files
compilation terminated.
configure:4004: $? = 1
configure:4024: checking whether the C compiler works
configure:4046: cc -O0 -ffunction-sections -fdata-sections -fPIC -m64   conftest.c  >&5
configure:4050: $? = 0
configure:4100: result: yes
configure:4103: checking for C compiler default output file name
configure:4105: result: a.out
configure:4111: checking for suffix of executables
configure:4118: cc -o conftest -O0 -ffunction-sections -fdata-sections -fPIC -m64   conftest.c  >&5
configure:4122: $? = 0
configure:4145: result: 
configure:4167: checking whether we are cross compiling
configure:4175: cc -o conftest -O0 -ffunction-sections -fdata-sections -fPIC -m64   conftest.c  >&5
configure:4179: $? = 0
configure:4186: ./conftest
configure:4190: $? = 0
configure:4178: result: no
configure:4183: checking for suffix of object files
configure:4206: cc -c -O0 -ffunction-sections -fdata-sections -fPIC -m64  conftest.c >&5
configure:4210: $? = 0
configure:4232: result: o
configure:4236: checking whether the compiler supports GNU C
configure:4256: cc -c -O0 -ffunction-sections -fdata-sections -fPIC -m64  conftest.c >&5
configure:4256: $? = 0
configure:4266: result: yes
configure:4277: checking whether cc accepts -g
configure:4298: cc -c -g  conftest.c >&5
configure:4298: $? = 0
configure:4342: result: yes
configure:4362: checking for cc option to enable C11 features
configure:4377: cc  -c -O0 -ffunction-sections -fdata-sections -fPIC -m64  conftest.c >&5
configure:4377: $? = 0
configure:4395: result: none needed
configure:4511: checking whether cc understands -c and -o together
configure:4534: cc -c conftest.c -o conftest2.o
configure:4537: $? = 0
configure:4534: cc -c conftest.c -o conftest2.o
configure:4537: $? = 0
configure:4549: result: yes
configure:4569: checking whether make supports the include directive
configure:4584: make -f confmf.GNU && cat confinc.out
this is the am__doit target
configure:4587: $? = 0
configure:4606: result: yes (GNU style)
configure:4632: checking dependency style of cc
configure:4744: result: gcc3
configure:4887: checking for C++ compiler version
configure:4896: c++ --version >&5
c++ (Ubuntu 9.4.0-1ubuntu1~20.04.1) 9.4.0
Copyright (C) 2019 Free Software Foundation, Inc.
This is free software; see the source for copying conditions.  There is NO
warranty; not even for MERCHANTABILITY or FITNESS FOR A PARTICULAR PURPOSE.

configure:4907: $? = 0
configure:4896: c++ -v >&5
Using built-in specs.
COLLECT_GCC=c++
COLLECT_LTO_WRAPPER=/usr/lib/gcc/x86_64-linux-gnu/9/lto-wrapper
OFFLOAD_TARGET_NAMES=nvptx-none:hsa
OFFLOAD_TARGET_DEFAULT=1
Target: x86_64-linux-gnu
Configured with: ../src/configure -v --with-pkgversion='Ubuntu 9.4.0-1ubuntu1~20.04.1' --with-bugurl=file:///usr/share/doc/gcc-9/README.Bugs --enable-languages=c,ada,c++,go,brig,d,fortran,objc,obj-c++,gm2 --prefix=/usr --with-gcc-major-version-only --program-suffix=-9 --program-prefix=x86_64-linux-gnu- --enable-shared --enable-linker-build-id --libexecdir=/usr/lib --without-included-gettext --enable-threads=posix --libdir=/usr/lib --enable-nls --enable-clocale=gnu --enable-libstdcxx-debug --enable-libstdcxx-time=yes --with-default-libstdcxx-abi=new --enable-gnu-unique-object --disable-vtable-verify --enable-plugin --enable-default-pie --with-system-zlib --with-target-system-zlib=auto --enable-objc-gc=auto --enable-multiarch --disable-werror --with-arch-32=i686 --with-abi=m64 --with-multilib-list=m32,m64,mx32 --enable-multilib --with-tune=generic --enable-offload-targets=nvptx-none=/build/gcc-9-Av3uEd/gcc-9-9.4.0/debian/tmp-nvptx/usr,hsa --without-cuda-driver --enable-checking=release --build=x86_64-linux-gnu --host=x86_64-linux-gnu --target=x86_64-linux-gnu
Thread model: posix
gcc version 9.4.0 (Ubuntu 9.4.0-1ubuntu1~20.04.1) 
configure:4907: $? = 0
configure:4896: c++ -V >&5
c++: error: unrecognized command line option '-V'
c++: fatal error: no input files
compilation terminated.
configure:4907: $? = 1
configure:4896: c++ -qversion >&5
c++: error: unrecognized command line option '-qversion'; did you mean '--version'?
c++: fatal error: no input files
compilation terminated.
configure:4907: $? = 1
configure:4911: checking whether the compiler supports GNU C++
configure:4931: c++ -c -O0 -ffunction-sections -fdata-sections -fPIC -m64  conftest.cpp >&5
configure:4931: $? = 0
configure:4941: result: yes
configure:4952: checking whether c++ accepts -g
configure:4973: c++ -c -g  conftest.cpp >&5
configure:4973: $? = 0
configure:5017: result: yes
configure:5037: checking for c++ option to enable C++11 features
configure:5052: c++  -c -O0 -ffunction-sections -fdata-sections -fPIC -m64  conftest.cpp >&5
configure:5052: $? = 0
configure:5070: result: none needed
configure:5136: checking dependency style of c++
configure:5248: result: gcc3
configure:5301: checking build system type
configure:5316: result: x86_64-pc-linux-gnu
configure:5336: checking host system type
configure:5350: result: x86_64-pc-linux-gnu
configure:5391: checking how to print strings
configure:5418: result: printf
configure:5439: checking for a sed that does not truncate output
configure:5509: result: /usr/bin/sed
configure:5527: checking for grep that handles long lines and -e
configure:5591: result: /usr/bin/grep
configure:5596: checking for egrep
configure:5664: result: /usr/bin/grep -E
configure:5669: checking for fgrep
configure:5737: result: /usr/bin/grep -F
configure:5773: checking for ld used by cc
configure:5841: result: /usr/bin/ld
configure:5848: checking if the linker (/usr/bin/ld) is GNU ld
configure:5864: result: yes
configure:5876: checking for BSD- or MS-compatible name lister (nm)
configure:5931: result: /usr/bin/nm -B
configure:6071: checking the name lister (/usr/bin/nm -B) interface
configure:6079: c++ -c -O0 -ffunction-sections -fdata-sections -fPIC -m64  conftest.cpp >&5
configure:6082: /usr/bin/nm -B "conftest.o"
configure:6085: output
0000000000000000 B some_variable
configure:6086: result: BSD nm
configure:6089: checking whether ln -s works
configure:6093: result: yes
configure:6101: checking the maximum length of command line arguments
configure:6233: result: 1572864
configure:6281: checking how to convert x86_64-pc-linux-gnu file names to x86_64-pc-linux-gnu format
configure:6322: result: func_convert_file_noop
configure:6329: checking how to convert x86_64-pc-linux-gnu file names to toolchain format
configure:6350: result: func_convert_file_noop
configure:6357: checking for /usr/bin/ld option to reload object files
configure:6365: result: -r
configure:6444: checking for file
configure:6465: found /usr/bin/file
configure:6476: result: file
configure:6552: checking for objdump
configure:6573: found /usr/bin/objdump
configure:6584: result: objdump
configure:6616: checking how to recognize dependent libraries
configure:6817: result: pass_all
configure:6907: checking for dlltool
configure:6942: result: no
configure:6972: checking how to associate runtime and link libraries
configure:7000: result: printf %s\n
configure:7066: checking for ar
configure:7087: found /usr/bin/ar
configure:7098: result: ar
configure:7151: checking for archiver @FILE support
configure:7169: c++ -c -O0 -ffunction-sections -fdata-sections -fPIC -m64  conftest.cpp >&5
configure:7169: $? = 0
configure:7173: ar cr libconftest.a @conftest.lst >&5
configure:7176: $? = 0
configure:7181: ar cr libconftest.a @conftest.lst >&5
ar: conftest.o: No such file or directory
configure:7184: $? = 1
configure:7183: result: @
configure:7246: checking for strip
configure:7267: found /usr/bin/strip
configure:7278: result: strip
configure:7355: checking for ranlib
configure:7376: found /usr/bin/ranlib
configure:7387: result: ranlib
configure:7489: checking command to parse /usr/bin/nm -B output from cc object
configure:7643: c++ -c -O0 -ffunction-sections -fdata-sections -fPIC -m64  conftest.cpp >&5
configure:7646: $? = 0
configure:7650: /usr/bin/nm -B conftest.o \| /usr/bin/sed -n -e 's/^.*[ ]\([ABCDGIRSTW][ABCDGIRSTW]*\)[ ][ ]*\([_A-Za-z][_A-Za-z0-9]*\)$/\1 \2 \2/p' | /usr/bin/sed '/ __gnu_lto/d' \> conftest.nm
configure:7653: $? = 0
configure:7719: c++ -o conftest -O0 -ffunction-sections -fdata-sections -fPIC -m64   conftest.cpp conftstm.o >&5
configure:7722: $? = 0
configure:7760: result: ok
configure:7807: checking for sysroot
configure:7838: result: no
configure:7845: checking for a working dd
configure:7889: result: /usr/bin/dd
configure:7893: checking how to truncate binary pipes
configure:7909: result: /usr/bin/dd bs=4096 count=1
configure:8047: c++ -c -O0 -ffunction-sections -fdata-sections -fPIC -m64  conftest.cpp >&5
configure:8050: $? = 0
configure:8247: checking for mt
configure:8282: result: no
configure:8302: checking if : is a manifest tool
configure:8309: : '-?'
configure:8317: result: no
configure:9042: checking for stdio.h
configure:9042: c++ -c -O0 -ffunction-sections -fdata-sections -fPIC -m64  conftest.cpp >&5
configure:9042: $? = 0
configure:9042: result: yes
configure:9042: checking for stdlib.h
configure:9042: c++ -c -O0 -ffunction-sections -fdata-sections -fPIC -m64  conftest.cpp >&5
configure:9042: $? = 0
configure:9042: result: yes
configure:9042: checking for string.h
configure:9042: c++ -c -O0 -ffunction-sections -fdata-sections -fPIC -m64  conftest.cpp >&5
configure:9042: $? = 0
configure:9042: result: yes
configure:9042: checking for inttypes.h
configure:9042: c++ -c -O0 -ffunction-sections -fdata-sections -fPIC -m64  conftest.cpp >&5
configure:9042: $? = 0
configure:9042: result: yes
configure:9042: checking for stdint.h
configure:9042: c++ -c -O0 -ffunction-sections -fdata-sections -fPIC -m64  conftest.cpp >&5
configure:9042: $? = 0
configure:9042: result: yes
configure:9042: checking for strings.h
configure:9042: c++ -c -O0 -ffunction-sections -fdata-sections -fPIC -m64  conftest.cpp >&5
configure:9042: $? = 0
configure:9042: result: yes
configure:9042: checking for sys/stat.h
configure:9042: c++ -c -O0 -ffunction-sections -fdata-sections -fPIC -m64  conftest.cpp >&5
configure:9042: $? = 0
configure:9042: result: yes
configure:9042: checking for sys/types.h
configure:9042: c++ -c -O0 -ffunction-sections -fdata-sections -fPIC -m64  conftest.cpp >&5
configure:9042: $? = 0
configure:9042: result: yes
configure:9042: checking for unistd.h
configure:9042: c++ -c -O0 -ffunction-sections -fdata-sections -fPIC -m64  conftest.cpp >&5
configure:9042: $? = 0
configure:9042: result: yes
configure:9067: checking for dlfcn.h
configure:9067: c++ -c -O0 -ffunction-sections -fdata-sections -fPIC -m64  conftest.cpp >&5
configure:9067: $? = 0
configure:9067: result: yes
configure:9336: checking for objdir
configure:9352: result: .libs
configure:9612: checking if cc supports -fno-rtti -fno-exceptions
configure:9631: cc -c -O0 -ffunction-sections -fdata-sections -fPIC -m64  -fno-rtti -fno-exceptions conftest.c >&5
cc1: warning: command line option '-fno-rtti' is valid for C++/D/ObjC++ but not for C
configure:9635: $? = 0
configure:9648: result: no
configure:10006: checking for cc option to produce PIC
configure:10014: result: -fPIC -DPIC
configure:10022: checking if cc PIC flag -fPIC -DPIC works
configure:10041: cc -c -O0 -ffunction-sections -fdata-sections -fPIC -m64  -fPIC -DPIC -DPIC conftest.c >&5
configure:10045: $? = 0
configure:10058: result: yes
configure:10087: checking if cc static flag -static works
configure:10116: result: yes
configure:10131: checking if cc supports -c -o file.o
configure:10153: cc -c -O0 -ffunction-sections -fdata-sections -fPIC -m64  -o out/conftest2.o conftest.c >&5
configure:10157: $? = 0
configure:10179: result: yes
configure:10187: checking if cc supports -c -o file.o
configure:10235: result: yes
configure:10268: checking whether the cc linker (/usr/bin/ld -m elf_x86_64) supports shared libraries
configure:11536: result: yes
configure:11777: checking dynamic linker characteristics
configure:12359: cc -o conftest -O0 -ffunction-sections -fdata-sections -fPIC -m64   -Wl,-rpath -Wl,/foo conftest.c  >&5
configure:12359: $? = 0
configure:12598: result: GNU/Linux ld.so
configure:12720: checking how to hardcode library paths into programs
configure:12745: result: immediate
configure:13297: checking whether stripping libraries is possible
configure:13306: result: yes
configure:13348: checking if libtool supports shared libraries
configure:13350: result: yes
configure:13353: checking whether to build shared libraries
configure:13378: result: no
configure:13381: checking whether to build static libraries
configure:13385: result: yes
configure:10171: checking how to run the C++ preprocessor
configure:10193: c++ -E  conftest.cpp
configure:10193: $? = 0
configure:10208: c++ -E  conftest.cpp
conftest.cpp:23:10: fatal error: ac_nonexistent.h: No such file or directory
   23 | #include <ac_nonexistent.h>
      |          ^~~~~~~~~~~~~~~~~~
compilation terminated.
configure:10208: $? = 1
configure: failed program was:
| /* confdefs.h */
| #define PACKAGE_NAME "Google C++ Mocking Framework"
| #define PACKAGE_TARNAME "gmock"
| #define PACKAGE_VERSION "1.8.0"
| #define PACKAGE_STRING "Google C++ Mocking Framework 1.8.0"
| #define PACKAGE_BUGREPORT "googlemock@googlegroups.com"
| #define PACKAGE_URL ""
| #define PACKAGE "gmock"
| #define VERSION "1.8.0"
| #define HAVE_STDIO_H 1
| #define HAVE_STDLIB_H 1
| #define HAVE_STRING_H 1
| #define HAVE_INTTYPES_H 1
| #define HAVE_STDINT_H 1
| #define HAVE_STRINGS_H 1
| #define HAVE_SYS_STAT_H 1
| #define HAVE_SYS_TYPES_H 1
| #define HAVE_UNISTD_H 1
| #define STDC_HEADERS 1
| #define HAVE_DLFCN_H 1
| #define LT_OBJDIR ".libs/"
| /* end confdefs.h.  */
| #include <ac_nonexistent.h>
configure:10235: result: c++ -E
configure:10249: c++ -E  conftest.cpp
configure:10249: $? = 0
configure:10264: c++ -E  conftest.cpp
conftest.cpp:23:10: fatal error: ac_nonexistent.h: No such file or directory
   23 | #include <ac_nonexistent.h>
      |          ^~~~~~~~~~~~~~~~~~
compilation terminated.
configure:10264: $? = 1
configure: failed program was:
| /* confdefs.h */
| #define PACKAGE_NAME "Google C++ Mocking Framework"
| #define PACKAGE_TARNAME "gmock"
| #define PACKAGE_VERSION "1.8.0"
| #define PACKAGE_STRING "Google C++ Mocking Framework 1.8.0"
| #define PACKAGE_BUGREPORT "googlemock@googlegroups.com"
| #define PACKAGE_URL ""
| #define PACKAGE "gmock"
| #define VERSION "1.8.0"
| #define HAVE_STDIO_H 1
| #define HAVE_STDLIB_H 1
| #define HAVE_STRING_H 1
| #define HAVE_INTTYPES_H 1
| #define HAVE_STDINT_H 1
| #define HAVE_STRINGS_H 1
| #define HAVE_SYS_STAT_H 1
| #define HAVE_SYS_TYPES_H 1
| #define HAVE_UNISTD_H 1
| #define STDC_HEADERS 1
| #define HAVE_DLFCN_H 1
| #define LT_OBJDIR ".libs/"
| /* end confdefs.h.  */
| #include <ac_nonexistent.h>
configure:10429: checking for ld used by c++
configure:10497: result: /usr/bin/ld -m elf_x86_64
configure:10504: checking if the linker (/usr/bin/ld -m elf_x86_64) is GNU ld
configure:10520: result: yes
configure:10575: checking whether the c++ linker (/usr/bin/ld -m elf_x86_64) supports shared libraries
configure:11653: result: yes
configure:11689: c++ -c -O0 -ffunction-sections -fdata-sections -fPIC -m64  conftest.cpp >&5
configure:11692: $? = 0
configure:12173: checking for c++ option to produce PIC
configure:12181: result: -fPIC -DPIC
configure:12189: checking if c++ PIC flag -fPIC -DPIC works
configure:12208: c++ -c -O0 -ffunction-sections -fdata-sections -fPIC -m64  -fPIC -DPIC -DPIC conftest.cpp >&5
configure:12212: $? = 0
configure:12225: result: yes
configure:12248: checking if c++ static flag -static works
configure:12277: result: yes
configure:12289: checking if c++ supports -c -o file.o
configure:12311: c++ -c -O0 -ffunction-sections -fdata-sections -fPIC -m64  -o out/conftest2.o conftest.cpp >&5
configure:12315: $? = 0
configure:12337: result: yes
configure:12342: checking if c++ supports -c -o file.o
configure:12390: result: yes
configure:12420: checking whether the c++ linker (/usr/bin/ld -m elf_x86_64) supports shared libraries
configure:12460: result: yes
configure:12602: checking dynamic linker characteristics
configure:13350: result: GNU/Linux ld.so
configure:13415: checking how to hardcode library paths into programs
configure:13440: result: immediate
configure:12351: checking for python
configure:12374: found /home/codespace/.python/current/bin/python
configure:12387: result: /home/codespace/.python/current/bin/python
configure:12406: /home/codespace/.python/current/bin/python -c import sys # split strings by '.' and convert to numeric. Append some zeros # because we need at least 4 digits for the hex conversion. # map returns an iterator in Python 3.0 and a list in 2.x minver = list(map(int, '2.3'.split('.'))) + [0, 0, 0] minverhex = 0 # xrange is not present in Python 3.0 and range returns an iterator for i in list(range(0, 4)): minverhex = (minverhex << 8) + minver[i] sys.exit(sys.hexversion < minverhex)
configure:12409: $? = 0
configure:12610: checking for the pthreads library -lpthreads
configure:12643: cc -o conftest -O0 -ffunction-sections -fdata-sections -fPIC -m64    conftest.c -lpthreads  >&5
conftest.c: In function 'main':
conftest.c:28:22: warning: null argument where non-null required (argument 1) [-Wnonnull]
   28 |                      pthread_attr_init(0); pthread_cleanup_push(0, 0);
      |                      ^~~~~~~~~~~~~~~~~
conftest.c:29:22: warning: null argument where non-null required (argument 1) [-Wnonnull]
   29 |                      pthread_create(0,0,0,0); pthread_cleanup_pop(0);
      |                      ^~~~~~~~~~~~~~
conftest.c:29:22: warning: null argument where non-null required (argument 3) [-Wnonnull]
/usr/bin/ld: cannot find -lpthreads
collect2: error: ld returned 1 exit status
configure:12643: $? = 1
configure: failed program was:
| /* confdefs.h */
| #define PACKAGE_NAME "Google C++ Mocking Framework"
| #define PACKAGE_TARNAME "gmock"
| #define PACKAGE_VERSION "1.8.0"
| #define PACKAGE_STRING "Google C++ Mocking Framework 1.8.0"
| #define PACKAGE_BUGREPORT "googlemock@googlegroups.com"
| #define PACKAGE_URL ""
| #define PACKAGE "gmock"
| #define VERSION "1.8.0"
| #define HAVE_STDIO_H 1
| #define HAVE_STDLIB_H 1
| #define HAVE_STRING_H 1
| #define HAVE_INTTYPES_H 1
| #define HAVE_STDINT_H 1
| #define HAVE_STRINGS_H 1
| #define HAVE_SYS_STAT_H 1
| #define HAVE_SYS_TYPES_H 1
| #define HAVE_UNISTD_H 1
| #define STDC_HEADERS 1
| #define HAVE_DLFCN_H 1
| #define LT_OBJDIR ".libs/"
| /* end confdefs.h.  */
| #include <pthread.h>
| int
| main (void)
| {
| pthread_t th; pthread_join(th, 0);
|                      pthread_attr_init(0); pthread_cleanup_push(0, 0);
|                      pthread_create(0,0,0,0); pthread_cleanup_pop(0);
|   ;
|   return 0;
| }
configure:12653: result: no
configure:12550: checking whether pthreads work without any flags
configure:12643: cc -o conftest -O0 -ffunction-sections -fdata-sections -fPIC -m64    conftest.c   >&5
conftest.c: In function 'main':
conftest.c:28:22: warning: null argument where non-null required (argument 1) [-Wnonnull]
   28 |                      pthread_attr_init(0); pthread_cleanup_push(0, 0);
      |                      ^~~~~~~~~~~~~~~~~
conftest.c:29:22: warning: null argument where non-null required (argument 1) [-Wnonnull]
   29 |                      pthread_create(0,0,0,0); pthread_cleanup_pop(0);
      |                      ^~~~~~~~~~~~~~
conftest.c:29:22: warning: null argument where non-null required (argument 3) [-Wnonnull]
/usr/bin/ld: /tmp/ccd1yCWU.o: in function `main':
conftest.c:(.text.main+0x2b): undefined reference to `pthread_join'
/usr/bin/ld: conftest.c:(.text.main+0x98): undefined reference to `__pthread_register_cancel'
/usr/bin/ld: conftest.c:(.text.main+0xb1): undefined reference to `pthread_create'
/usr/bin/ld: conftest.c:(.text.main+0xbd): undefined reference to `__pthread_unregister_cancel'
collect2: error: ld returned 1 exit status
configure:12643: $? = 1
configure: failed program was:
| /* confdefs.h */
| #define PACKAGE_NAME "Google C++ Mocking Framework"
| #define PACKAGE_TARNAME "gmock"
| #define PACKAGE_VERSION "1.8.0"
| #define PACKAGE_STRING "Google C++ Mocking Framework 1.8.0"
| #define PACKAGE_BUGREPORT "googlemock@googlegroups.com"
| #define PACKAGE_URL ""
| #define PACKAGE "gmock"
| #define VERSION "1.8.0"
| #define HAVE_STDIO_H 1
| #define HAVE_STDLIB_H 1
| #define HAVE_STRING_H 1
| #define HAVE_INTTYPES_H 1
| #define HAVE_STDINT_H 1
| #define HAVE_STRINGS_H 1
| #define HAVE_SYS_STAT_H 1
| #define HAVE_SYS_TYPES_H 1
| #define HAVE_UNISTD_H 1
| #define STDC_HEADERS 1
| #define HAVE_DLFCN_H 1
| #define LT_OBJDIR ".libs/"
| /* end confdefs.h.  */
| #include <pthread.h>
| int
| main (void)
| {
| pthread_t th; pthread_join(th, 0);
|                      pthread_attr_init(0); pthread_cleanup_push(0, 0);
|                      pthread_create(0,0,0,0); pthread_cleanup_pop(0);
|   ;
|   return 0;
| }
configure:12653: result: no
configure:12555: checking whether pthreads work with -Kthread
configure:12643: cc -o conftest -O0 -ffunction-sections -fdata-sections -fPIC -m64 -Kthread   conftest.c   >&5
cc: error: unrecognized command line option '-Kthread'; did you mean '-pthread'?
configure:12643: $? = 1
configure: failed program was:
| /* confdefs.h */
| #define PACKAGE_NAME "Google C++ Mocking Framework"
| #define PACKAGE_TARNAME "gmock"
| #define PACKAGE_VERSION "1.8.0"
| #define PACKAGE_STRING "Google C++ Mocking Framework 1.8.0"
| #define PACKAGE_BUGREPORT "googlemock@googlegroups.com"
| #define PACKAGE_URL ""
| #define PACKAGE "gmock"
| #define VERSION "1.8.0"
| #define HAVE_STDIO_H 1
| #define HAVE_STDLIB_H 1
| #define HAVE_STRING_H 1
| #define HAVE_INTTYPES_H 1
| #define HAVE_STDINT_H 1
| #define HAVE_STRINGS_H 1
| #define HAVE_SYS_STAT_H 1
| #define HAVE_SYS_TYPES_H 1
| #define HAVE_UNISTD_H 1
| #define STDC_HEADERS 1
| #define HAVE_DLFCN_H 1
| #define LT_OBJDIR ".libs/"
| /* end confdefs.h.  */
| #include <pthread.h>
| int
| main (void)
| {
| pthread_t th; pthread_join(th, 0);
|                      pthread_attr_init(0); pthread_cleanup_push(0, 0);
|                      pthread_create(0,0,0,0); pthread_cleanup_pop(0);
|   ;
|   return 0;
| }
configure:12653: result: no
configure:12555: checking whether pthreads work with -kthread
configure:12643: cc -o conftest -O0 -ffunction-sections -fdata-sections -fPIC -m64 -kthread   conftest.c   >&5
cc: error: unrecognized command line option '-kthread'; did you mean '-pthread'?
configure:12643: $? = 1
configure: failed program was:
| /* confdefs.h */
| #define PACKAGE_NAME "Google C++ Mocking Framework"
| #define PACKAGE_TARNAME "gmock"
| #define PACKAGE_VERSION "1.8.0"
| #define PACKAGE_STRING "Google C++ Mocking Framework 1.8.0"
| #define PACKAGE_BUGREPORT "googlemock@googlegroups.com"
| #define PACKAGE_URL ""
| #define PACKAGE "gmock"
| #define VERSION "1.8.0"
| #define HAVE_STDIO_H 1
| #define HAVE_STDLIB_H 1
| #define HAVE_STRING_H 1
| #define HAVE_INTTYPES_H 1
| #define HAVE_STDINT_H 1
| #define HAVE_STRINGS_H 1
| #define HAVE_SYS_STAT_H 1
| #define HAVE_SYS_TYPES_H 1
| #define HAVE_UNISTD_H 1
| #define STDC_HEADERS 1
| #define HAVE_DLFCN_H 1
| #define LT_OBJDIR ".libs/"
| /* end confdefs.h.  */
| #include <pthread.h>
| int
| main (void)
| {
| pthread_t th; pthread_join(th, 0);
|                      pthread_attr_init(0); pthread_cleanup_push(0, 0);
|                      pthread_create(0,0,0,0); pthread_cleanup_pop(0);
|   ;
|   return 0;
| }
configure:12653: result: no
configure:12610: checking for the pthreads library -llthread
configure:12643: cc -o conftest -O0 -ffunction-sections -fdata-sections -fPIC -m64    conftest.c -llthread  >&5
conftest.c: In function 'main':
conftest.c:28:22: warning: null argument where non-null required (argument 1) [-Wnonnull]
   28 |                      pthread_attr_init(0); pthread_cleanup_push(0, 0);
      |                      ^~~~~~~~~~~~~~~~~
conftest.c:29:22: warning: null argument where non-null required (argument 1) [-Wnonnull]
   29 |                      pthread_create(0,0,0,0); pthread_cleanup_pop(0);
      |                      ^~~~~~~~~~~~~~
conftest.c:29:22: warning: null argument where non-null required (argument 3) [-Wnonnull]
/usr/bin/ld: cannot find -llthread
collect2: error: ld returned 1 exit status
configure:12643: $? = 1
configure: failed program was:
| /* confdefs.h */
| #define PACKAGE_NAME "Google C++ Mocking Framework"
| #define PACKAGE_TARNAME "gmock"
| #define PACKAGE_VERSION "1.8.0"
| #define PACKAGE_STRING "Google C++ Mocking Framework 1.8.0"
| #define PACKAGE_BUGREPORT "googlemock@googlegroups.com"
| #define PACKAGE_URL ""
| #define PACKAGE "gmock"
| #define VERSION "1.8.0"
| #define HAVE_STDIO_H 1
| #define HAVE_STDLIB_H 1
| #define HAVE_STRING_H 1
| #define HAVE_INTTYPES_H 1
| #define HAVE_STDINT_H 1
| #define HAVE_STRINGS_H 1
| #define HAVE_SYS_STAT_H 1
| #define HAVE_SYS_TYPES_H 1
| #define HAVE_UNISTD_H 1
| #define STDC_HEADERS 1
| #define HAVE_DLFCN_H 1
| #define LT_OBJDIR ".libs/"
| /* end confdefs.h.  */
| #include <pthread.h>
| int
| main (void)
| {
| pthread_t th; pthread_join(th, 0);
|                      pthread_attr_init(0); pthread_cleanup_push(0, 0);
|                      pthread_create(0,0,0,0); pthread_cleanup_pop(0);
|   ;
|   return 0;
| }
configure:12653: result: no
configure:12555: checking whether pthreads work with -pthread
configure:12643: cc -o conftest -O0 -ffunction-sections -fdata-sections -fPIC -m64 -pthread   conftest.c   >&5
conftest.c: In function 'main':
conftest.c:28:22: warning: null argument where non-null required (argument 1) [-Wnonnull]
   28 |                      pthread_attr_init(0); pthread_cleanup_push(0, 0);
      |                      ^~~~~~~~~~~~~~~~~
conftest.c:29:22: warning: null argument where non-null required (argument 1) [-Wnonnull]
   29 |                      pthread_create(0,0,0,0); pthread_cleanup_pop(0);
      |                      ^~~~~~~~~~~~~~
conftest.c:29:22: warning: null argument where non-null required (argument 3) [-Wnonnull]
configure:12643: $? = 0
configure:12653: result: yes
configure:12672: checking for joinable pthread attribute
configure:12687: cc -o conftest -O0 -ffunction-sections -fdata-sections -fPIC -m64 -pthread   conftest.c   >&5
configure:12687: $? = 0
configure:12694: result: PTHREAD_CREATE_JOINABLE
configure:12702: checking if more special flags are required for pthreads
configure:12709: result: no
configure:12803: checking whether to check for GCC pthread/shared inconsistencies
configure:12816: cc -o conftest -shared -fPIC -Wl,-z,defs -O0 -ffunction-sections -fdata-sections -fPIC -m64 -pthread   conftest.c   >&5
configure:12816: $? = 0
configure:12829: result: yes
configure:12835: checking whether -pthread is sufficient with -shared
configure:12850: cc -o conftest -shared -fPIC -Wl,-z,defs -O0 -ffunction-sections -fdata-sections -fPIC -m64 -pthread   conftest.c   >&5
conftest.c: In function 'main':
conftest.c:28:8: warning: null argument where non-null required (argument 1) [-Wnonnull]
   28 |        pthread_attr_init(0); pthread_cleanup_push(0, 0);
      |        ^~~~~~~~~~~~~~~~~
conftest.c:29:8: warning: null argument where non-null required (argument 1) [-Wnonnull]
   29 |        pthread_create(0,0,0,0); pthread_cleanup_pop(0);
      |        ^~~~~~~~~~~~~~
conftest.c:29:8: warning: null argument where non-null required (argument 3) [-Wnonnull]
configure:12850: $? = 0
configure:12858: result: yes
configure:13064: checking for gtest-config
configure:13102: result: no
configure:13248: checking that generated files are newer than configure
configure:13254: result: done
configure:13289: creating ./config.status

## ---------------------- ##
## Running config.status. ##
## ---------------------- ##

This file was extended by Google C++ Mocking Framework config.status 1.8.0, which was
generated by GNU Autoconf 2.71.  Invocation command line was

  CONFIG_FILES    = 
  CONFIG_HEADERS  = 
  CONFIG_LINKS    = 
  CONFIG_COMMANDS = 
  $ ./config.status 

on codespaces-838391

config.status:1165: creating Makefile
config.status:1165: creating scripts/gmock-config
config.status:1165: creating build-aux/config.h
config.status:1379: executing depfiles commands
config.status:1457: cd .       && sed -e '/# am--include-marker/d' Makefile         | make -f - am--depfiles
config.status:1462: $? = 0
config.status:1379: executing libtool commands

## ---------------- ##
## Cache variables. ##
## ---------------- ##

ac_cv_build=x86_64-pc-linux-gnu
ac_cv_c_compiler_gnu=yes
ac_cv_cxx_compiler_gnu=yes
ac_cv_env_CCC_set=
ac_cv_env_CCC_value=
ac_cv_env_CC_set=set
ac_cv_env_CC_value=cc
ac_cv_env_CFLAGS_set=set
ac_cv_env_CFLAGS_value='-O0 -ffunction-sections -fdata-sections -fPIC -m64'
ac_cv_env_CPPFLAGS_set=
ac_cv_env_CPPFLAGS_value=
ac_cv_env_CXXCPP_set=
ac_cv_env_CXXCPP_value=
ac_cv_env_CXXFLAGS_set=set
ac_cv_env_CXXFLAGS_value='-O0 -ffunction-sections -fdata-sections -fPIC -m64'
ac_cv_env_CXX_set=set
ac_cv_env_CXX_value=c++
ac_cv_env_GTEST_CONFIG_set=
ac_cv_env_GTEST_CONFIG_value=
ac_cv_env_GTEST_CPPFLAGS_set=
ac_cv_env_GTEST_CPPFLAGS_value=
ac_cv_env_GTEST_CXXFLAGS_set=
ac_cv_env_GTEST_CXXFLAGS_value=
ac_cv_env_GTEST_LDFLAGS_set=
ac_cv_env_GTEST_LDFLAGS_value=
ac_cv_env_GTEST_LIBS_set=
ac_cv_env_GTEST_LIBS_value=
ac_cv_env_GTEST_VERSION_set=
ac_cv_env_GTEST_VERSION_value=
ac_cv_env_LDFLAGS_set=
ac_cv_env_LDFLAGS_value=
ac_cv_env_LIBS_set=
ac_cv_env_LIBS_value=
ac_cv_env_LT_SYS_LIBRARY_PATH_set=
ac_cv_env_LT_SYS_LIBRARY_PATH_value=
ac_cv_env_build_alias_set=
ac_cv_env_build_alias_value=
ac_cv_env_host_alias_set=
ac_cv_env_host_alias_value=
ac_cv_env_target_alias_set=
ac_cv_env_target_alias_value=
ac_cv_header_dlfcn_h=yes
ac_cv_header_inttypes_h=yes
ac_cv_header_stdint_h=yes
ac_cv_header_stdio_h=yes
ac_cv_header_stdlib_h=yes
ac_cv_header_string_h=yes
ac_cv_header_strings_h=yes
ac_cv_header_sys_stat_h=yes
ac_cv_header_sys_types_h=yes
ac_cv_header_unistd_h=yes
ac_cv_host=x86_64-pc-linux-gnu
ac_cv_objext=o
ac_cv_path_EGREP='/usr/bin/grep -E'
ac_cv_path_FGREP='/usr/bin/grep -F'
ac_cv_path_GREP=/usr/bin/grep
ac_cv_path_PYTHON=/home/codespace/.python/current/bin/python
ac_cv_path_SED=/usr/bin/sed
ac_cv_path_install='/usr/bin/install -c'
ac_cv_path_lt_DD=/usr/bin/dd
ac_cv_path_mkdir=/usr/bin/mkdir
ac_cv_prog_AWK=gawk
ac_cv_prog_CXXCPP='c++ -E'
ac_cv_prog_ac_ct_AR=ar
ac_cv_prog_ac_ct_CC=cc
ac_cv_prog_ac_ct_FILECMD=file
ac_cv_prog_ac_ct_OBJDUMP=objdump
ac_cv_prog_ac_ct_RANLIB=ranlib
ac_cv_prog_ac_ct_STRIP=strip
ac_cv_prog_cc_c11=
ac_cv_prog_cc_g=yes
ac_cv_prog_cc_stdc=
ac_cv_prog_cxx_11=no
ac_cv_prog_cxx_cxx11=
ac_cv_prog_cxx_g=yes
ac_cv_prog_cxx_stdcxx=
ac_cv_prog_make_make_set=yes
am_cv_CC_dependencies_compiler_type=gcc3
am_cv_CXX_dependencies_compiler_type=gcc3
am_cv_make_support_nested_variables=yes
am_cv_prog_cc_c_o=yes
lt_cv_ar_at_file=@
lt_cv_deplibs_check_method=pass_all
lt_cv_file_magic_cmd='$MAGIC_CMD'
lt_cv_file_magic_test_file=
lt_cv_ld_reload_flag=-r
lt_cv_nm_interface='BSD nm'
lt_cv_objdir=.libs
lt_cv_path_LD=/usr/bin/ld
lt_cv_path_LDCXX='/usr/bin/ld -m elf_x86_64'
lt_cv_path_NM='/usr/bin/nm -B'
lt_cv_path_mainfest_tool=no
lt_cv_prog_compiler_c_o=yes
lt_cv_prog_compiler_c_o_CXX=yes
lt_cv_prog_compiler_pic='-fPIC -DPIC'
lt_cv_prog_compiler_pic_CXX='-fPIC -DPIC'
lt_cv_prog_compiler_pic_works=yes
lt_cv_prog_compiler_pic_works_CXX=yes
lt_cv_prog_compiler_rtti_exceptions=no
lt_cv_prog_compiler_static_works=yes
lt_cv_prog_compiler_static_works_CXX=yes
lt_cv_prog_gnu_ld=yes
lt_cv_prog_gnu_ldcxx=yes
lt_cv_sharedlib_from_linklib_cmd='printf %s\n'
lt_cv_shlibpath_overrides_runpath=yes
lt_cv_sys_global_symbol_pipe='/usr/bin/sed -n -e '\''s/^.*[	 ]\([ABCDGIRSTW][ABCDGIRSTW]*\)[	 ][	 ]*\([_A-Za-z][_A-Za-z0-9]*\)$/\1 \2 \2/p'\'' | /usr/bin/sed '\''/ __gnu_lto/d'\'''
lt_cv_sys_global_symbol_to_c_name_address='/usr/bin/sed -n -e '\''s/^: \(.*\) .*$/  {"\1", (void *) 0},/p'\'' -e '\''s/^[ABCDGIRSTW][ABCDGIRSTW]* .* \(.*\)$/  {"\1", (void *) \&\1},/p'\'''
lt_cv_sys_global_symbol_to_c_name_address_lib_prefix='/usr/bin/sed -n -e '\''s/^: \(.*\) .*$/  {"\1", (void *) 0},/p'\'' -e '\''s/^[ABCDGIRSTW][ABCDGIRSTW]* .* \(lib.*\)$/  {"\1", (void *) \&\1},/p'\'' -e '\''s/^[ABCDGIRSTW][ABCDGIRSTW]* .* \(.*\)$/  {"lib\1", (void *) \&\1},/p'\'''
lt_cv_sys_global_symbol_to_cdecl='/usr/bin/sed -n -e '\''s/^T .* \(.*\)$/extern int \1();/p'\'' -e '\''s/^[ABCDGIRSTW][ABCDGIRSTW]* .* \(.*\)$/extern char \1;/p'\'''
lt_cv_sys_global_symbol_to_import=
lt_cv_sys_max_cmd_len=1572864
lt_cv_to_host_file_cmd=func_convert_file_noop
lt_cv_to_tool_file_cmd=func_convert_file_noop
lt_cv_truncate_bin='/usr/bin/dd bs=4096 count=1'

## ----------------- ##
## Output variables. ##
## ----------------- ##

ACLOCAL='${SHELL} '\''/home/codespace/.cargo/registry/src/index.crates.io-6f17d22bba15001f/protobuf-src-1.1.0+21.5/protobuf/third_party/googletest/googlemock/build-aux/missing'\'' aclocal-1.16'
AMDEPBACKSLASH='\'
AMDEP_FALSE='#'
AMDEP_TRUE=''
AMTAR='$${TAR-tar}'
AM_BACKSLASH='\'
AM_DEFAULT_V='$(AM_DEFAULT_VERBOSITY)'
AM_DEFAULT_VERBOSITY='1'
AM_V='$(V)'
AR='ar'
AUTOCONF='${SHELL} '\''/home/codespace/.cargo/registry/src/index.crates.io-6f17d22bba15001f/protobuf-src-1.1.0+21.5/protobuf/third_party/googletest/googlemock/build-aux/missing'\'' autoconf'
AUTOHEADER='${SHELL} '\''/home/codespace/.cargo/registry/src/index.crates.io-6f17d22bba15001f/protobuf-src-1.1.0+21.5/protobuf/third_party/googletest/googlemock/build-aux/missing'\'' autoheader'
AUTOMAKE='${SHELL} '\''/home/codespace/.cargo/registry/src/index.crates.io-6f17d22bba15001f/protobuf-src-1.1.0+21.5/protobuf/third_party/googletest/googlemock/build-aux/missing'\'' automake-1.16'
AWK='gawk'
CC='cc'
CCDEPMODE='depmode=gcc3'
CFLAGS='-O0 -ffunction-sections -fdata-sections -fPIC -m64'
CPPFLAGS=''
CSCOPE='cscope'
CTAGS='ctags'
CXX='c++'
CXXCPP='c++ -E'
CXXDEPMODE='depmode=gcc3'
CXXFLAGS='-O0 -ffunction-sections -fdata-sections -fPIC -m64'
CYGPATH_W='echo'
DEFS='-DHAVE_CONFIG_H'
DEPDIR='.deps'
DLLTOOL='false'
DSYMUTIL=''
DUMPBIN=''
ECHO_C=''
ECHO_N='-n'
ECHO_T=''
EGREP='/usr/bin/grep -E'
ETAGS='etags'
EXEEXT=''
FGREP='/usr/bin/grep -F'
FILECMD='file'
GREP='/usr/bin/grep'
GTEST_CONFIG='/workspaces/ServerStatus/target/release/build/protobuf-src-2e253de85119351c/out/install/build/third_party/googletest/googlemock/../googletest/scripts/gtest-config'
GTEST_CPPFLAGS='-I$(top_srcdir)/../googletest/include'
GTEST_CXXFLAGS='-g'
GTEST_LDFLAGS=''
GTEST_LIBS='$(top_builddir)/../googletest/lib/libgtest.la'
GTEST_VERSION='1.8.0'
HAVE_PTHREADS_FALSE='#'
HAVE_PTHREADS_TRUE=''
HAVE_PYTHON_FALSE='#'
HAVE_PYTHON_TRUE=''
INSTALL_DATA='${INSTALL} -m 644'
INSTALL_PROGRAM='${INSTALL}'
INSTALL_SCRIPT='${INSTALL}'
INSTALL_STRIP_PROGRAM='$(install_sh) -c -s'
LD='/usr/bin/ld -m elf_x86_64'
LDFLAGS=''
LIBOBJS=''
LIBS=''
LIBTOOL='$(SHELL) $(top_builddir)/libtool'
LIPO=''
LN_S='ln -s'
LTLIBOBJS=''
LT_SYS_LIBRARY_PATH=''
MAKEINFO='${SHELL} '\''/home/codespace/.cargo/registry/src/index.crates.io-6f17d22bba15001f/protobuf-src-1.1.0+21.5/protobuf/third_party/googletest/googlemock/build-aux/missing'\'' makeinfo'
MANIFEST_TOOL=':'
MKDIR_P='/usr/bin/mkdir -p'
NM='/usr/bin/nm -B'
NMEDIT=''
OBJDUMP='objdump'
OBJEXT='o'
OTOOL64=''
OTOOL=''
PACKAGE='gmock'
PACKAGE_BUGREPORT='googlemock@googlegroups.com'
PACKAGE_NAME='Google C++ Mocking Framework'
PACKAGE_STRING='Google C++ Mocking Framework 1.8.0'
PACKAGE_TARNAME='gmock'
PACKAGE_URL=''
PACKAGE_VERSION='1.8.0'
PATH_SEPARATOR=':'
PTHREAD_CC='cc'
PTHREAD_CFLAGS='-pthread'
PTHREAD_LIBS=''
PYTHON='/home/codespace/.python/current/bin/python'
RANLIB='ranlib'
SED='/usr/bin/sed'
SET_MAKE=''
SHELL='/bin/bash'
STRIP='strip'
VERSION='1.8.0'
ac_ct_AR='ar'
ac_ct_CC='cc'
ac_ct_CXX=''
ac_ct_DUMPBIN=''
acx_pthread_config=''
am__EXEEXT_FALSE=''
am__EXEEXT_TRUE='#'
am__fastdepCC_FALSE='#'
am__fastdepCC_TRUE=''
am__fastdepCXX_FALSE='#'
am__fastdepCXX_TRUE=''
am__include='include'
am__isrc=' -I$(srcdir)'
am__leading_dot='.'
am__nodep='_no'
am__quote=''
am__tar='$${TAR-tar} chof - "$$tardir"'
am__untar='$${TAR-tar} xf -'
bindir='${exec_prefix}/bin'
build='x86_64-pc-linux-gnu'
build_alias=''
build_cpu='x86_64'
build_os='linux-gnu'
build_vendor='pc'
datadir='${datarootdir}'
datarootdir='${prefix}/share'
docdir='${datarootdir}/doc/${PACKAGE_TARNAME}'
dvidir='${docdir}'
exec_prefix='${prefix}'
host='x86_64-pc-linux-gnu'
host_alias=''
host_cpu='x86_64'
host_os='linux-gnu'
host_vendor='pc'
htmldir='${docdir}'
includedir='${prefix}/include'
infodir='${datarootdir}/info'
install_sh='${SHELL} /home/codespace/.cargo/registry/src/index.crates.io-6f17d22bba15001f/protobuf-src-1.1.0+21.5/protobuf/third_party/googletest/googlemock/build-aux/install-sh'
libdir='${exec_prefix}/lib'
libexecdir='${exec_prefix}/libexec'
localedir='${datarootdir}/locale'
localstatedir='${prefix}/var'
mandir='${datarootdir}/man'
mkdir_p='$(MKDIR_P)'
oldincludedir='/usr/include'
pdfdir='${docdir}'
prefix='/workspaces/ServerStatus/target/release/build/protobuf-src-2e253de85119351c/out/install'
program_transform_name='s,x,x,'
psdir='${docdir}'
runstatedir='${localstatedir}/run'
sbindir='${exec_prefix}/sbin'
sharedstatedir='${prefix}/com'
sysconfdir='${prefix}/etc'
target_alias=''

## ----------- ##
## confdefs.h. ##
## ----------- ##

/* confdefs.h */
#define PACKAGE_NAME "Google C++ Mocking Framework"
#define PACKAGE_TARNAME "gmock"
#define PACKAGE_VERSION "1.8.0"
#define PACKAGE_STRING "Google C++ Mocking Framework 1.8.0"
#define PACKAGE_BUGREPORT "googlemock@googlegroups.com"
#define PACKAGE_URL ""
#define PACKAGE "gmock"
#define VERSION "1.8.0"
#define HAVE_STDIO_H 1
#define HAVE_STDLIB_H 1
#define HAVE_STRING_H 1
#define HAVE_INTTYPES_H 1
#define HAVE_STDINT_H 1
#define HAVE_STRINGS_H 1
#define HAVE_SYS_STAT_H 1
#define HAVE_SYS_TYPES_H 1
#define HAVE_UNISTD_H 1
#define STDC_HEADERS 1
#define HAVE_DLFCN_H 1
#define LT_OBJDIR ".libs/"
#define HAVE_PTHREAD 1

configure: exit 0
